# JRE version: Java(TM) SE Runtime Environment (8.0_171-b11) (build 1.8.0_171-b11)
# Java VM: Java HotSpot(TM) 64-Bit Server VM (25.171-b11 mixed mode windows-amd64 compressed oops)
Heap:
 PSYoungGen      total 103424K, used 25737K [0x00000000eb400000, 0x00000000f2480000, 0x0000000100000000)
  eden space 98816K, 21% used [0x00000000eb400000,0x00000000ec8efe48,0x00000000f1480000)
  from space 4608K, 93% used [0x00000000f2000000,0x00000000f24328e8,0x00000000f2480000)
  to   space 7680K, 0% used [0x00000000f1580000,0x00000000f1580000,0x00000000f1d00000)
 ParOldGen       total 34816K, used 8827K [0x00000000c1c00000, 0x00000000c3e00000, 0x00000000eb400000)
  object space 34816K, 25% used [0x00000000c1c00000,0x00000000c249ef68,0x00000000c3e00000)
 Metaspace       used 25463K, capacity 25786K, committed 26160K, reserved 1071104K
  class space    used 3547K, capacity 3627K, committed 3632K, reserved 1048576K
GC Heap History (10 events):
Event: 9.705 GC heap before
{Heap before GC invocations=5 (full 0):
 PSYoungGen      total 35328K, used 35305K [0x00000000eb400000, 0x00000000ed900000, 0x0000000100000000)
  eden space 32768K, 100% used [0x00000000eb400000,0x00000000ed400000,0x00000000ed400000)
  from space 2560K, 99% used [0x00000000ed680000,0x00000000ed8fa698,0x00000000ed900000)
  to   space 2560K, 0% used [0x00000000ed400000,0x00000000ed400000,0x00000000ed680000)
 ParOldGen       total 44032K, used 3228K [0x00000000c1c00000, 0x00000000c4700000, 0x00000000eb400000)
  object space 44032K, 7% used [0x00000000c1c00000,0x00000000c1f27020,0x00000000c4700000)
 Metaspace       used 16343K, capacity 16638K, committed 16896K, reserved 1062912K
  class space    used 2414K, capacity 2511K, committed 2560K, reserved 1048576K
Event: 9.715 GC heap after
Heap after GC invocations=5 (full 0):
 PSYoungGen      total 35328K, used 2548K [0x00000000eb400000, 0x00000000f0100000, 0x0000000100000000)
  eden space 32768K, 0% used [0x00000000eb400000,0x00000000eb400000,0x00000000ed400000)
  from space 2560K, 99% used [0x00000000ed400000,0x00000000ed67d1f8,0x00000000ed680000)
  to   space 6656K, 0% used [0x00000000efa80000,0x00000000efa80000,0x00000000f0100000)
 ParOldGen       total 44032K, used 5744K [0x00000000c1c00000, 0x00000000c4700000, 0x00000000eb400000)
  object space 44032K, 13% used [0x00000000c1c00000,0x00000000c219c158,0x00000000c4700000)
 Metaspace       used 16343K, capacity 16638K, committed 16896K, reserved 1062912K
  class space    used 2414K, capacity 2511K, committed 2560K, reserved 1048576K
}
Event: 10.674 GC heap before
{Heap before GC invocations=6 (full 0):
 PSYoungGen      total 35328K, used 28318K [0x00000000eb400000, 0x00000000f0100000, 0x0000000100000000)
  eden space 32768K, 78% used [0x00000000eb400000,0x00000000ecd2a700,0x00000000ed400000)
  from space 2560K, 99% used [0x00000000ed400000,0x00000000ed67d1f8,0x00000000ed680000)
  to   space 6656K, 0% used [0x00000000efa80000,0x00000000efa80000,0x00000000f0100000)
 ParOldGen       total 44032K, used 5744K [0x00000000c1c00000, 0x00000000c4700000, 0x00000000eb400000)
  object space 44032K, 13% used [0x00000000c1c00000,0x00000000c219c158,0x00000000c4700000)
 Metaspace       used 20893K, capacity 21188K, committed 21296K, reserved 1067008K
  class space    used 3001K, capacity 3088K, committed 3120K, reserved 1048576K
Event: 10.687 GC heap after
Heap after GC invocations=6 (full 0):
 PSYoungGen      total 71168K, used 6178K [0x00000000eb400000, 0x00000000f0300000, 0x0000000100000000)
  eden space 64512K, 0% used [0x00000000eb400000,0x00000000eb400000,0x00000000ef300000)
  from space 6656K, 92% used [0x00000000efa80000,0x00000000f0088b68,0x00000000f0100000)
  to   space 7680K, 0% used [0x00000000ef300000,0x00000000ef300000,0x00000000efa80000)
 ParOldGen       total 44032K, used 5752K [0x00000000c1c00000, 0x00000000c4700000, 0x00000000eb400000)
  object space 44032K, 13% used [0x00000000c1c00000,0x00000000c219e158,0x00000000c4700000)
 Metaspace       used 20893K, capacity 21188K, committed 21296K, reserved 1067008K
  class space    used 3001K, capacity 3088K, committed 3120K, reserved 1048576K
}
Event: 10.687 GC heap before
{Heap before GC invocations=7 (full 1):
 PSYoungGen      total 71168K, used 6178K [0x00000000eb400000, 0x00000000f0300000, 0x0000000100000000)
  eden space 64512K, 0% used [0x00000000eb400000,0x00000000eb400000,0x00000000ef300000)
  from space 6656K, 92% used [0x00000000efa80000,0x00000000f0088b68,0x00000000f0100000)
  to   space 7680K, 0% used [0x00000000ef300000,0x00000000ef300000,0x00000000efa80000)
 ParOldGen       total 44032K, used 5752K [0x00000000c1c00000, 0x00000000c4700000, 0x00000000eb400000)
  object space 44032K, 13% used [0x00000000c1c00000,0x00000000c219e158,0x00000000c4700000)
 Metaspace       used 20893K, capacity 21188K, committed 21296K, reserved 1067008K
  class space    used 3001K, capacity 3088K, committed 3120K, reserved 1048576K
Event: 10.771 GC heap after
Heap after GC invocations=7 (full 1):
 PSYoungGen      total 71168K, used 0K [0x00000000eb400000, 0x00000000f0300000, 0x0000000100000000)
  eden space 64512K, 0% used [0x00000000eb400000,0x00000000eb400000,0x00000000ef300000)
  from space 6656K, 0% used [0x00000000efa80000,0x00000000efa80000,0x00000000f0100000)
  to   space 7680K, 0% used [0x00000000ef300000,0x00000000ef300000,0x00000000efa80000)
 ParOldGen       total 34816K, used 8811K [0x00000000c1c00000, 0x00000000c3e00000, 0x00000000eb400000)
  object space 34816K, 25% used [0x00000000c1c00000,0x00000000c249af68,0x00000000c3e00000)
 Metaspace       used 20893K, capacity 21188K, committed 21296K, reserved 1067008K
  class space    used 3001K, capacity 3088K, committed 3120K, reserved 1048576K
}
Event: 13.027 GC heap before
{Heap before GC invocations=8 (full 1):
 PSYoungGen      total 71168K, used 64512K [0x00000000eb400000, 0x00000000f0300000, 0x0000000100000000)
  eden space 64512K, 100% used [0x00000000eb400000,0x00000000ef300000,0x00000000ef300000)
  from space 6656K, 0% used [0x00000000efa80000,0x00000000efa80000,0x00000000f0100000)
  to   space 7680K, 0% used [0x00000000ef300000,0x00000000ef300000,0x00000000efa80000)
 ParOldGen       total 34816K, used 8811K [0x00000000c1c00000, 0x00000000c3e00000, 0x00000000eb400000)
  object space 34816K, 25% used [0x00000000c1c00000,0x00000000c249af68,0x00000000c3e00000)
 Metaspace       used 24816K, capacity 25118K, committed 25392K, reserved 1071104K
  class space    used 3504K, capacity 3585K, committed 3632K, reserved 1048576K
Event: 13.037 GC heap after
Heap after GC invocations=8 (full 1):
 PSYoungGen      total 72192K, used 5024K [0x00000000eb400000, 0x00000000f2800000, 0x0000000100000000)
  eden space 64512K, 0% used [0x00000000eb400000,0x00000000eb400000,0x00000000ef300000)
  from space 7680K, 65% used [0x00000000ef300000,0x00000000ef7e8068,0x00000000efa80000)
  to   space 8192K, 0% used [0x00000000f2000000,0x00000000f2000000,0x00000000f2800000)
 ParOldGen       total 34816K, used 8819K [0x00000000c1c00000, 0x00000000c3e00000, 0x00000000eb400000)
  object space 34816K, 25% used [0x00000000c1c00000,0x00000000c249cf68,0x00000000c3e00000)
 Metaspace       used 24816K, capacity 25118K, committed 25392K, reserved 1071104K
  class space    used 3504K, capacity 3585K, committed 3632K, reserved 1048576K
}
Event: 22.706 GC heap before
{Heap before GC invocations=9 (full 1):
 PSYoungGen      total 72192K, used 69536K [0x00000000eb400000, 0x00000000f2800000, 0x0000000100000000)
  eden space 64512K, 100% used [0x00000000eb400000,0x00000000ef300000,0x00000000ef300000)
  from space 7680K, 65% used [0x00000000ef300000,0x00000000ef7e8068,0x00000000efa80000)
  to   space 8192K, 0% used [0x00000000f2000000,0x00000000f2000000,0x00000000f2800000)
 ParOldGen       total 34816K, used 8819K [0x00000000c1c00000, 0x00000000c3e00000, 0x00000000eb400000)
  object space 34816K, 25% used [0x00000000c1c00000,0x00000000c249cf68,0x00000000c3e00000)
 Metaspace       used 25421K, capacity 25786K, committed 26160K, reserved 1071104K
  class space    used 3546K, capacity 3627K, committed 3632K, reserved 1048576K
Event: 22.728 GC heap after
Heap after GC invocations=9 (full 1):
 PSYoungGen      total 103424K, used 4298K [0x00000000eb400000, 0x00000000f2480000, 0x0000000100000000)
  eden space 98816K, 0% used [0x00000000eb400000,0x00000000eb400000,0x00000000f1480000)
  from space 4608K, 93% used [0x00000000f2000000,0x00000000f24328e8,0x00000000f2480000)
  to   space 7680K, 0% used [0x00000000f1580000,0x00000000f1580000,0x00000000f1d00000)
 ParOldGen       total 34816K, used 8827K [0x00000000c1c00000, 0x00000000c3e00000, 0x00000000eb400000)
  object space 34816K, 25% used [0x00000000c1c00000,0x00000000c249ef68,0x00000000c3e00000)
 Metaspace       used 25421K, capacity 25786K, committed 26160K, reserved 1071104K
  class space    used 3546K, capacity 3627K, committed 3632K, reserved 1048576K
}

