# JRE version: Java(TM) SE Runtime Environment (8.0_171-b11) (build 1.8.0_171-b11)
# Java VM: Java HotSpot(TM) 64-Bit Server VM (25.171-b11 mixed mode windows-amd64 compressed oops)
Heap:
 PSYoungGen      total 72192K, used 27601K [0x00000000eb400000, 0x00000000f2500000, 0x0000000100000000)
  eden space 64000K, 35% used [0x00000000eb400000,0x00000000eca32be8,0x00000000ef280000)
  from space 8192K, 59% used [0x00000000ef280000,0x00000000ef741a30,0x00000000efa80000)
  to   space 8192K, 0% used [0x00000000f1d00000,0x00000000f1d00000,0x00000000f2500000)
 ParOldGen       total 35840K, used 8856K [0x00000000c1c00000, 0x00000000c3f00000, 0x00000000eb400000)
  object space 35840K, 24% used [0x00000000c1c00000,0x00000000c24a63b0,0x00000000c3f00000)
 Metaspace       used 24923K, capacity 25274K, committed 25728K, reserved 1071104K
  class space    used 3533K, capacity 3617K, committed 3712K, reserved 1048576K
GC Heap History (10 events):
Event: 7.649 GC heap before
{Heap before GC invocations=4 (full 0):
 PSYoungGen      total 18944K, used 18921K [0x00000000eb400000, 0x00000000ed900000, 0x0000000100000000)
  eden space 16384K, 100% used [0x00000000eb400000,0x00000000ec400000,0x00000000ec400000)
  from space 2560K, 99% used [0x00000000ec400000,0x00000000ec67a658,0x00000000ec680000)
  to   space 2560K, 0% used [0x00000000ed680000,0x00000000ed680000,0x00000000ed900000)
 ParOldGen       total 44032K, used 1262K [0x00000000c1c00000, 0x00000000c4700000, 0x00000000eb400000)
  object space 44032K, 2% used [0x00000000c1c00000,0x00000000c1d3ba70,0x00000000c4700000)
 Metaspace       used 13262K, capacity 13544K, committed 13696K, reserved 1060864K
  class space    used 1718K, capacity 1810K, committed 1920K, reserved 1048576K
Event: 7.658 GC heap after
Heap after GC invocations=4 (full 0):
 PSYoungGen      total 35328K, used 2553K [0x00000000eb400000, 0x00000000ed900000, 0x0000000100000000)
  eden space 32768K, 0% used [0x00000000eb400000,0x00000000eb400000,0x00000000ed400000)
  from space 2560K, 99% used [0x00000000ed680000,0x00000000ed8fe688,0x00000000ed900000)
  to   space 2560K, 0% used [0x00000000ed400000,0x00000000ed400000,0x00000000ed680000)
 ParOldGen       total 44032K, used 3393K [0x00000000c1c00000, 0x00000000c4700000, 0x00000000eb400000)
  object space 44032K, 7% used [0x00000000c1c00000,0x00000000c1f505b0,0x00000000c4700000)
 Metaspace       used 13262K, capacity 13544K, committed 13696K, reserved 1060864K
  class space    used 1718K, capacity 1810K, committed 1920K, reserved 1048576K
}
Event: 8.750 GC heap before
{Heap before GC invocations=5 (full 0):
 PSYoungGen      total 35328K, used 35321K [0x00000000eb400000, 0x00000000ed900000, 0x0000000100000000)
  eden space 32768K, 100% used [0x00000000eb400000,0x00000000ed400000,0x00000000ed400000)
  from space 2560K, 99% used [0x00000000ed680000,0x00000000ed8fe688,0x00000000ed900000)
  to   space 2560K, 0% used [0x00000000ed400000,0x00000000ed400000,0x00000000ed680000)
 ParOldGen       total 44032K, used 3393K [0x00000000c1c00000, 0x00000000c4700000, 0x00000000eb400000)
  object space 44032K, 7% used [0x00000000c1c00000,0x00000000c1f505b0,0x00000000c4700000)
 Metaspace       used 16296K, capacity 16666K, committed 16896K, reserved 1062912K
  class space    used 2445K, capacity 2543K, committed 2560K, reserved 1048576K
Event: 8.760 GC heap after
Heap after GC invocations=5 (full 0):
 PSYoungGen      total 35328K, used 2548K [0x00000000eb400000, 0x00000000f0100000, 0x0000000100000000)
  eden space 32768K, 0% used [0x00000000eb400000,0x00000000eb400000,0x00000000ed400000)
  from space 2560K, 99% used [0x00000000ed400000,0x00000000ed67d1f8,0x00000000ed680000)
  to   space 6656K, 0% used [0x00000000efa80000,0x00000000efa80000,0x00000000f0100000)
 ParOldGen       total 44032K, used 5946K [0x00000000c1c00000, 0x00000000c4700000, 0x00000000eb400000)
  object space 44032K, 13% used [0x00000000c1c00000,0x00000000c21ce920,0x00000000c4700000)
 Metaspace       used 16296K, capacity 16666K, committed 16896K, reserved 1062912K
  class space    used 2445K, capacity 2543K, committed 2560K, reserved 1048576K
}
Event: 9.615 GC heap before
{Heap before GC invocations=6 (full 0):
 PSYoungGen      total 35328K, used 28439K [0x00000000eb400000, 0x00000000f0100000, 0x0000000100000000)
  eden space 32768K, 79% used [0x00000000eb400000,0x00000000ecd48a78,0x00000000ed400000)
  from space 2560K, 99% used [0x00000000ed400000,0x00000000ed67d1f8,0x00000000ed680000)
  to   space 6656K, 0% used [0x00000000efa80000,0x00000000efa80000,0x00000000f0100000)
 ParOldGen       total 44032K, used 5946K [0x00000000c1c00000, 0x00000000c4700000, 0x00000000eb400000)
  object space 44032K, 13% used [0x00000000c1c00000,0x00000000c21ce920,0x00000000c4700000)
 Metaspace       used 20830K, capacity 21102K, committed 21296K, reserved 1067008K
  class space    used 3030K, capacity 3125K, committed 3200K, reserved 1048576K
Event: 9.629 GC heap after
Heap after GC invocations=6 (full 0):
 PSYoungGen      total 70656K, used 6243K [0x00000000eb400000, 0x00000000f0400000, 0x0000000100000000)
  eden space 64000K, 0% used [0x00000000eb400000,0x00000000eb400000,0x00000000ef280000)
  from space 6656K, 93% used [0x00000000efa80000,0x00000000f0098f30,0x00000000f0100000)
  to   space 8192K, 0% used [0x00000000ef280000,0x00000000ef280000,0x00000000efa80000)
 ParOldGen       total 44032K, used 5954K [0x00000000c1c00000, 0x00000000c4700000, 0x00000000eb400000)
  object space 44032K, 13% used [0x00000000c1c00000,0x00000000c21d0920,0x00000000c4700000)
 Metaspace       used 20830K, capacity 21102K, committed 21296K, reserved 1067008K
  class space    used 3030K, capacity 3125K, committed 3200K, reserved 1048576K
}
Event: 9.629 GC heap before
{Heap before GC invocations=7 (full 1):
 PSYoungGen      total 70656K, used 6243K [0x00000000eb400000, 0x00000000f0400000, 0x0000000100000000)
  eden space 64000K, 0% used [0x00000000eb400000,0x00000000eb400000,0x00000000ef280000)
  from space 6656K, 93% used [0x00000000efa80000,0x00000000f0098f30,0x00000000f0100000)
  to   space 8192K, 0% used [0x00000000ef280000,0x00000000ef280000,0x00000000efa80000)
 ParOldGen       total 44032K, used 5954K [0x00000000c1c00000, 0x00000000c4700000, 0x00000000eb400000)
  object space 44032K, 13% used [0x00000000c1c00000,0x00000000c21d0920,0x00000000c4700000)
 Metaspace       used 20830K, capacity 21102K, committed 21296K, reserved 1067008K
  class space    used 3030K, capacity 3125K, committed 3200K, reserved 1048576K
Event: 9.709 GC heap after
Heap after GC invocations=7 (full 1):
 PSYoungGen      total 70656K, used 0K [0x00000000eb400000, 0x00000000f0400000, 0x0000000100000000)
  eden space 64000K, 0% used [0x00000000eb400000,0x00000000eb400000,0x00000000ef280000)
  from space 6656K, 0% used [0x00000000efa80000,0x00000000efa80000,0x00000000f0100000)
  to   space 8192K, 0% used [0x00000000ef280000,0x00000000ef280000,0x00000000efa80000)
 ParOldGen       total 35840K, used 8856K [0x00000000c1c00000, 0x00000000c3f00000, 0x00000000eb400000)
  object space 35840K, 24% used [0x00000000c1c00000,0x00000000c24a63b0,0x00000000c3f00000)
 Metaspace       used 20830K, capacity 21102K, committed 21296K, reserved 1067008K
  class space    used 3030K, capacity 3125K, committed 3200K, reserved 1048576K
}
Event: 11.799 GC heap before
{Heap before GC invocations=8 (full 1):
 PSYoungGen      total 70656K, used 64000K [0x00000000eb400000, 0x00000000f0400000, 0x0000000100000000)
  eden space 64000K, 100% used [0x00000000eb400000,0x00000000ef280000,0x00000000ef280000)
  from space 6656K, 0% used [0x00000000efa80000,0x00000000efa80000,0x00000000f0100000)
  to   space 8192K, 0% used [0x00000000ef280000,0x00000000ef280000,0x00000000efa80000)
 ParOldGen       total 35840K, used 8856K [0x00000000c1c00000, 0x00000000c3f00000, 0x00000000eb400000)
  object space 35840K, 24% used [0x00000000c1c00000,0x00000000c24a63b0,0x00000000c3f00000)
 Metaspace       used 24571K, capacity 24858K, committed 25216K, reserved 1071104K
  class space    used 3501K, capacity 3585K, committed 3712K, reserved 1048576K
Event: 11.808 GC heap after
Heap after GC invocations=8 (full 1):
 PSYoungGen      total 72192K, used 4870K [0x00000000eb400000, 0x00000000f2500000, 0x0000000100000000)
  eden space 64000K, 0% used [0x00000000eb400000,0x00000000eb400000,0x00000000ef280000)
  from space 8192K, 59% used [0x00000000ef280000,0x00000000ef741a30,0x00000000efa80000)
  to   space 8192K, 0% used [0x00000000f1d00000,0x00000000f1d00000,0x00000000f2500000)
 ParOldGen       total 35840K, used 8856K [0x00000000c1c00000, 0x00000000c3f00000, 0x00000000eb400000)
  object space 35840K, 24% used [0x00000000c1c00000,0x00000000c24a63b0,0x00000000c3f00000)
 Metaspace       used 24571K, capacity 24858K, committed 25216K, reserved 1071104K
  class space    used 3501K, capacity 3585K, committed 3712K, reserved 1048576K
}

