# JRE version: Java(TM) SE Runtime Environment (8.0_171-b11) (build 1.8.0_171-b11)
# Java VM: Java HotSpot(TM) 64-Bit Server VM (25.171-b11 mixed mode windows-amd64 compressed oops)
Heap:
 PSYoungGen      total 72192K, used 59652K [0x00000000eb400000, 0x00000000f2b80000, 0x0000000100000000)
  eden space 64512K, 84% used [0x00000000eb400000,0x00000000ee96c948,0x00000000ef300000)
  from space 7680K, 64% used [0x00000000ef300000,0x00000000ef7d49d8,0x00000000efa80000)
  to   space 8192K, 0% used [0x00000000f2380000,0x00000000f2380000,0x00000000f2b80000)
 ParOldGen       total 34816K, used 8781K [0x00000000c1c00000, 0x00000000c3e00000, 0x00000000eb400000)
  object space 34816K, 25% used [0x00000000c1c00000,0x00000000c2493428,0x00000000c3e00000)
 Metaspace       used 25341K, capacity 25662K, committed 25984K, reserved 1071104K
  class space    used 3575K, capacity 3655K, committed 3712K, reserved 1048576K
GC Heap History (10 events):
Event: 8.579 GC heap before
{Heap before GC invocations=4 (full 0):
 PSYoungGen      total 18944K, used 18921K [0x00000000eb400000, 0x00000000ed900000, 0x0000000100000000)
  eden space 16384K, 100% used [0x00000000eb400000,0x00000000ec400000,0x00000000ec400000)
  from space 2560K, 99% used [0x00000000ec400000,0x00000000ec67a678,0x00000000ec680000)
  to   space 2560K, 0% used [0x00000000ed680000,0x00000000ed680000,0x00000000ed900000)
 ParOldGen       total 44032K, used 1231K [0x00000000c1c00000, 0x00000000c4700000, 0x00000000eb400000)
  object space 44032K, 2% used [0x00000000c1c00000,0x00000000c1d33d88,0x00000000c4700000)
 Metaspace       used 13275K, capacity 13544K, committed 13696K, reserved 1060864K
  class space    used 1719K, capacity 1810K, committed 1920K, reserved 1048576K
Event: 8.591 GC heap after
Heap after GC invocations=4 (full 0):
 PSYoungGen      total 35328K, used 2553K [0x00000000eb400000, 0x00000000ed900000, 0x0000000100000000)
  eden space 32768K, 0% used [0x00000000eb400000,0x00000000eb400000,0x00000000ed400000)
  from space 2560K, 99% used [0x00000000ed680000,0x00000000ed8fe668,0x00000000ed900000)
  to   space 2560K, 0% used [0x00000000ed400000,0x00000000ed400000,0x00000000ed680000)
 ParOldGen       total 44032K, used 3385K [0x00000000c1c00000, 0x00000000c4700000, 0x00000000eb400000)
  object space 44032K, 7% used [0x00000000c1c00000,0x00000000c1f4e5e8,0x00000000c4700000)
 Metaspace       used 13275K, capacity 13544K, committed 13696K, reserved 1060864K
  class space    used 1719K, capacity 1810K, committed 1920K, reserved 1048576K
}
Event: 10.400 GC heap before
{Heap before GC invocations=5 (full 0):
 PSYoungGen      total 35328K, used 35321K [0x00000000eb400000, 0x00000000ed900000, 0x0000000100000000)
  eden space 32768K, 100% used [0x00000000eb400000,0x00000000ed400000,0x00000000ed400000)
  from space 2560K, 99% used [0x00000000ed680000,0x00000000ed8fe668,0x00000000ed900000)
  to   space 2560K, 0% used [0x00000000ed400000,0x00000000ed400000,0x00000000ed680000)
 ParOldGen       total 44032K, used 3385K [0x00000000c1c00000, 0x00000000c4700000, 0x00000000eb400000)
  object space 44032K, 7% used [0x00000000c1c00000,0x00000000c1f4e5e8,0x00000000c4700000)
 Metaspace       used 16312K, capacity 16666K, committed 16896K, reserved 1062912K
  class space    used 2445K, capacity 2543K, committed 2560K, reserved 1048576K
Event: 10.410 GC heap after
Heap after GC invocations=5 (full 0):
 PSYoungGen      total 35328K, used 2532K [0x00000000eb400000, 0x00000000f0100000, 0x0000000100000000)
  eden space 32768K, 0% used [0x00000000eb400000,0x00000000eb400000,0x00000000ed400000)
  from space 2560K, 98% used [0x00000000ed400000,0x00000000ed679208,0x00000000ed680000)
  to   space 6656K, 0% used [0x00000000efa80000,0x00000000efa80000,0x00000000f0100000)
 ParOldGen       total 44032K, used 5951K [0x00000000c1c00000, 0x00000000c4700000, 0x00000000eb400000)
  object space 44032K, 13% used [0x00000000c1c00000,0x00000000c21cfe70,0x00000000c4700000)
 Metaspace       used 16312K, capacity 16666K, committed 16896K, reserved 1062912K
  class space    used 2445K, capacity 2543K, committed 2560K, reserved 1048576K
}
Event: 11.234 GC heap before
{Heap before GC invocations=6 (full 0):
 PSYoungGen      total 35328K, used 27707K [0x00000000eb400000, 0x00000000f0100000, 0x0000000100000000)
  eden space 32768K, 76% used [0x00000000eb400000,0x00000000ecc95b68,0x00000000ed400000)
  from space 2560K, 98% used [0x00000000ed400000,0x00000000ed679208,0x00000000ed680000)
  to   space 6656K, 0% used [0x00000000efa80000,0x00000000efa80000,0x00000000f0100000)
 ParOldGen       total 44032K, used 5951K [0x00000000c1c00000, 0x00000000c4700000, 0x00000000eb400000)
  object space 44032K, 13% used [0x00000000c1c00000,0x00000000c21cfe70,0x00000000c4700000)
 Metaspace       used 20759K, capacity 21102K, committed 21296K, reserved 1067008K
  class space    used 3015K, capacity 3125K, committed 3200K, reserved 1048576K
Event: 11.247 GC heap after
Heap after GC invocations=6 (full 0):
 PSYoungGen      total 71168K, used 6120K [0x00000000eb400000, 0x00000000f0300000, 0x0000000100000000)
  eden space 64512K, 0% used [0x00000000eb400000,0x00000000eb400000,0x00000000ef300000)
  from space 6656K, 91% used [0x00000000efa80000,0x00000000f007a030,0x00000000f0100000)
  to   space 7680K, 0% used [0x00000000ef300000,0x00000000ef300000,0x00000000efa80000)
 ParOldGen       total 44032K, used 5959K [0x00000000c1c00000, 0x00000000c4700000, 0x00000000eb400000)
  object space 44032K, 13% used [0x00000000c1c00000,0x00000000c21d1e70,0x00000000c4700000)
 Metaspace       used 20759K, capacity 21102K, committed 21296K, reserved 1067008K
  class space    used 3015K, capacity 3125K, committed 3200K, reserved 1048576K
}
Event: 11.247 GC heap before
{Heap before GC invocations=7 (full 1):
 PSYoungGen      total 71168K, used 6120K [0x00000000eb400000, 0x00000000f0300000, 0x0000000100000000)
  eden space 64512K, 0% used [0x00000000eb400000,0x00000000eb400000,0x00000000ef300000)
  from space 6656K, 91% used [0x00000000efa80000,0x00000000f007a030,0x00000000f0100000)
  to   space 7680K, 0% used [0x00000000ef300000,0x00000000ef300000,0x00000000efa80000)
 ParOldGen       total 44032K, used 5959K [0x00000000c1c00000, 0x00000000c4700000, 0x00000000eb400000)
  object space 44032K, 13% used [0x00000000c1c00000,0x00000000c21d1e70,0x00000000c4700000)
 Metaspace       used 20759K, capacity 21102K, committed 21296K, reserved 1067008K
  class space    used 3015K, capacity 3125K, committed 3200K, reserved 1048576K
Event: 11.327 GC heap after
Heap after GC invocations=7 (full 1):
 PSYoungGen      total 71168K, used 0K [0x00000000eb400000, 0x00000000f0300000, 0x0000000100000000)
  eden space 64512K, 0% used [0x00000000eb400000,0x00000000eb400000,0x00000000ef300000)
  from space 6656K, 0% used [0x00000000efa80000,0x00000000efa80000,0x00000000f0100000)
  to   space 7680K, 0% used [0x00000000ef300000,0x00000000ef300000,0x00000000efa80000)
 ParOldGen       total 34816K, used 8781K [0x00000000c1c00000, 0x00000000c3e00000, 0x00000000eb400000)
  object space 34816K, 25% used [0x00000000c1c00000,0x00000000c2493428,0x00000000c3e00000)
 Metaspace       used 20759K, capacity 21102K, committed 21296K, reserved 1067008K
  class space    used 3015K, capacity 3125K, committed 3200K, reserved 1048576K
}
Event: 13.125 GC heap before
{Heap before GC invocations=8 (full 1):
 PSYoungGen      total 71168K, used 64512K [0x00000000eb400000, 0x00000000f0300000, 0x0000000100000000)
  eden space 64512K, 100% used [0x00000000eb400000,0x00000000ef300000,0x00000000ef300000)
  from space 6656K, 0% used [0x00000000efa80000,0x00000000efa80000,0x00000000f0100000)
  to   space 7680K, 0% used [0x00000000ef300000,0x00000000ef300000,0x00000000efa80000)
 ParOldGen       total 34816K, used 8781K [0x00000000c1c00000, 0x00000000c3e00000, 0x00000000eb400000)
  object space 34816K, 25% used [0x00000000c1c00000,0x00000000c2493428,0x00000000c3e00000)
 Metaspace       used 24562K, capacity 24922K, committed 25472K, reserved 1071104K
  class space    used 3501K, capacity 3585K, committed 3712K, reserved 1048576K
Event: 13.150 GC heap after
Heap after GC invocations=8 (full 1):
 PSYoungGen      total 72192K, used 4946K [0x00000000eb400000, 0x00000000f2b80000, 0x0000000100000000)
  eden space 64512K, 0% used [0x00000000eb400000,0x00000000eb400000,0x00000000ef300000)
  from space 7680K, 64% used [0x00000000ef300000,0x00000000ef7d49d8,0x00000000efa80000)
  to   space 8192K, 0% used [0x00000000f2380000,0x00000000f2380000,0x00000000f2b80000)
 ParOldGen       total 34816K, used 8781K [0x00000000c1c00000, 0x00000000c3e00000, 0x00000000eb400000)
  object space 34816K, 25% used [0x00000000c1c00000,0x00000000c2493428,0x00000000c3e00000)
 Metaspace       used 24562K, capacity 24922K, committed 25472K, reserved 1071104K
  class space    used 3501K, capacity 3585K, committed 3712K, reserved 1048576K
}

