# JRE version: Java(TM) SE Runtime Environment (8.0_171-b11) (build 1.8.0_171-b11)
# Java VM: Java HotSpot(TM) 64-Bit Server VM (25.171-b11 mixed mode windows-amd64 compressed oops)
Heap:
 PSYoungGen      total 67072K, used 30160K [0x00000000eb400000, 0x00000000f2d00000, 0x0000000100000000)
  eden space 62464K, 41% used [0x00000000eb400000,0x00000000ecd517b0,0x00000000ef100000)
  from space 4608K, 91% used [0x00000000f2880000,0x00000000f2ca28e8,0x00000000f2d00000)
  to   space 7680K, 0% used [0x00000000f1e00000,0x00000000f1e00000,0x00000000f2580000)
 ParOldGen       total 33280K, used 8827K [0x00000000c1c00000, 0x00000000c3c80000, 0x00000000eb400000)
  object space 33280K, 26% used [0x00000000c1c00000,0x00000000c249ef60,0x00000000c3c80000)
 Metaspace       used 26024K, capacity 26447K, committed 26800K, reserved 1073152K
  class space    used 3591K, capacity 3693K, committed 3760K, reserved 1048576K
GC Heap History (10 events):
Event: 23.168 GC heap before
{Heap before GC invocations=5 (full 0):
 PSYoungGen      total 35328K, used 35305K [0x00000000eb400000, 0x00000000ed900000, 0x0000000100000000)
  eden space 32768K, 100% used [0x00000000eb400000,0x00000000ed400000,0x00000000ed400000)
  from space 2560K, 99% used [0x00000000ed680000,0x00000000ed8fa678,0x00000000ed900000)
  to   space 2560K, 0% used [0x00000000ed400000,0x00000000ed400000,0x00000000ed680000)
 ParOldGen       total 44032K, used 3250K [0x00000000c1c00000, 0x00000000c4700000, 0x00000000eb400000)
  object space 44032K, 7% used [0x00000000c1c00000,0x00000000c1f2cb38,0x00000000c4700000)
 Metaspace       used 16304K, capacity 16638K, committed 16896K, reserved 1062912K
  class space    used 2413K, capacity 2511K, committed 2560K, reserved 1048576K
Event: 23.182 GC heap after
Heap after GC invocations=5 (full 0):
 PSYoungGen      total 35328K, used 2548K [0x00000000eb400000, 0x00000000f0100000, 0x0000000100000000)
  eden space 32768K, 0% used [0x00000000eb400000,0x00000000eb400000,0x00000000ed400000)
  from space 2560K, 99% used [0x00000000ed400000,0x00000000ed67d1f8,0x00000000ed680000)
  to   space 6656K, 0% used [0x00000000efa80000,0x00000000efa80000,0x00000000f0100000)
 ParOldGen       total 44032K, used 5731K [0x00000000c1c00000, 0x00000000c4700000, 0x00000000eb400000)
  object space 44032K, 13% used [0x00000000c1c00000,0x00000000c2198cf8,0x00000000c4700000)
 Metaspace       used 16304K, capacity 16638K, committed 16896K, reserved 1062912K
  class space    used 2413K, capacity 2511K, committed 2560K, reserved 1048576K
}
Event: 24.406 GC heap before
{Heap before GC invocations=6 (full 0):
 PSYoungGen      total 35328K, used 28343K [0x00000000eb400000, 0x00000000f0100000, 0x0000000100000000)
  eden space 32768K, 78% used [0x00000000eb400000,0x00000000ecd30a80,0x00000000ed400000)
  from space 2560K, 99% used [0x00000000ed400000,0x00000000ed67d1f8,0x00000000ed680000)
  to   space 6656K, 0% used [0x00000000efa80000,0x00000000efa80000,0x00000000f0100000)
 ParOldGen       total 44032K, used 5731K [0x00000000c1c00000, 0x00000000c4700000, 0x00000000eb400000)
  object space 44032K, 13% used [0x00000000c1c00000,0x00000000c2198cf8,0x00000000c4700000)
 Metaspace       used 20889K, capacity 21203K, committed 21296K, reserved 1067008K
  class space    used 3007K, capacity 3091K, committed 3120K, reserved 1048576K
Event: 24.420 GC heap after
Heap after GC invocations=6 (full 0):
 PSYoungGen      total 71168K, used 6170K [0x00000000eb400000, 0x00000000f0300000, 0x0000000100000000)
  eden space 64512K, 0% used [0x00000000eb400000,0x00000000eb400000,0x00000000ef300000)
  from space 6656K, 92% used [0x00000000efa80000,0x00000000f0086980,0x00000000f0100000)
  to   space 7680K, 0% used [0x00000000ef300000,0x00000000ef300000,0x00000000efa80000)
 ParOldGen       total 44032K, used 5739K [0x00000000c1c00000, 0x00000000c4700000, 0x00000000eb400000)
  object space 44032K, 13% used [0x00000000c1c00000,0x00000000c219acf8,0x00000000c4700000)
 Metaspace       used 20889K, capacity 21203K, committed 21296K, reserved 1067008K
  class space    used 3007K, capacity 3091K, committed 3120K, reserved 1048576K
}
Event: 24.420 GC heap before
{Heap before GC invocations=7 (full 1):
 PSYoungGen      total 71168K, used 6170K [0x00000000eb400000, 0x00000000f0300000, 0x0000000100000000)
  eden space 64512K, 0% used [0x00000000eb400000,0x00000000eb400000,0x00000000ef300000)
  from space 6656K, 92% used [0x00000000efa80000,0x00000000f0086980,0x00000000f0100000)
  to   space 7680K, 0% used [0x00000000ef300000,0x00000000ef300000,0x00000000efa80000)
 ParOldGen       total 44032K, used 5739K [0x00000000c1c00000, 0x00000000c4700000, 0x00000000eb400000)
  object space 44032K, 13% used [0x00000000c1c00000,0x00000000c219acf8,0x00000000c4700000)
 Metaspace       used 20889K, capacity 21203K, committed 21296K, reserved 1067008K
  class space    used 3007K, capacity 3091K, committed 3120K, reserved 1048576K
Event: 24.510 GC heap after
Heap after GC invocations=7 (full 1):
 PSYoungGen      total 71168K, used 0K [0x00000000eb400000, 0x00000000f0300000, 0x0000000100000000)
  eden space 64512K, 0% used [0x00000000eb400000,0x00000000eb400000,0x00000000ef300000)
  from space 6656K, 0% used [0x00000000efa80000,0x00000000efa80000,0x00000000f0100000)
  to   space 7680K, 0% used [0x00000000ef300000,0x00000000ef300000,0x00000000efa80000)
 ParOldGen       total 33280K, used 8819K [0x00000000c1c00000, 0x00000000c3c80000, 0x00000000eb400000)
  object space 33280K, 26% used [0x00000000c1c00000,0x00000000c249cf60,0x00000000c3c80000)
 Metaspace       used 20889K, capacity 21203K, committed 21296K, reserved 1067008K
  class space    used 3007K, capacity 3091K, committed 3120K, reserved 1048576K
}
Event: 26.779 GC heap before
{Heap before GC invocations=8 (full 1):
 PSYoungGen      total 71168K, used 64512K [0x00000000eb400000, 0x00000000f0300000, 0x0000000100000000)
  eden space 64512K, 100% used [0x00000000eb400000,0x00000000ef300000,0x00000000ef300000)
  from space 6656K, 0% used [0x00000000efa80000,0x00000000efa80000,0x00000000f0100000)
  to   space 7680K, 0% used [0x00000000ef300000,0x00000000ef300000,0x00000000efa80000)
 ParOldGen       total 33280K, used 8819K [0x00000000c1c00000, 0x00000000c3c80000, 0x00000000eb400000)
  object space 33280K, 26% used [0x00000000c1c00000,0x00000000c249cf60,0x00000000c3c80000)
 Metaspace       used 24818K, capacity 25127K, committed 25392K, reserved 1071104K
  class space    used 3504K, capacity 3585K, committed 3632K, reserved 1048576K
Event: 26.793 GC heap after
Heap after GC invocations=8 (full 1):
 PSYoungGen      total 72192K, used 4983K [0x00000000eb400000, 0x00000000f3080000, 0x0000000100000000)
  eden space 64512K, 0% used [0x00000000eb400000,0x00000000eb400000,0x00000000ef300000)
  from space 7680K, 64% used [0x00000000ef300000,0x00000000ef7dde08,0x00000000efa80000)
  to   space 8192K, 0% used [0x00000000f2880000,0x00000000f2880000,0x00000000f3080000)
 ParOldGen       total 33280K, used 8819K [0x00000000c1c00000, 0x00000000c3c80000, 0x00000000eb400000)
  object space 33280K, 26% used [0x00000000c1c00000,0x00000000c249cf60,0x00000000c3c80000)
 Metaspace       used 24818K, capacity 25127K, committed 25392K, reserved 1071104K
  class space    used 3504K, capacity 3585K, committed 3632K, reserved 1048576K
}
Event: 448.509 GC heap before
{Heap before GC invocations=9 (full 1):
 PSYoungGen      total 72192K, used 69495K [0x00000000eb400000, 0x00000000f3080000, 0x0000000100000000)
  eden space 64512K, 100% used [0x00000000eb400000,0x00000000ef300000,0x00000000ef300000)
  from space 7680K, 64% used [0x00000000ef300000,0x00000000ef7dde08,0x00000000efa80000)
  to   space 8192K, 0% used [0x00000000f2880000,0x00000000f2880000,0x00000000f3080000)
 ParOldGen       total 33280K, used 8819K [0x00000000c1c00000, 0x00000000c3c80000, 0x00000000eb400000)
  object space 33280K, 26% used [0x00000000c1c00000,0x00000000c249cf60,0x00000000c3c80000)
 Metaspace       used 25835K, capacity 26185K, committed 26544K, reserved 1073152K
  class space    used 3586K, capacity 3692K, committed 3760K, reserved 1048576K
Event: 448.533 GC heap after
Heap after GC invocations=9 (full 1):
 PSYoungGen      total 67072K, used 4234K [0x00000000eb400000, 0x00000000f2d00000, 0x0000000100000000)
  eden space 62464K, 0% used [0x00000000eb400000,0x00000000eb400000,0x00000000ef100000)
  from space 4608K, 91% used [0x00000000f2880000,0x00000000f2ca28e8,0x00000000f2d00000)
  to   space 7680K, 0% used [0x00000000f1e00000,0x00000000f1e00000,0x00000000f2580000)
 ParOldGen       total 33280K, used 8827K [0x00000000c1c00000, 0x00000000c3c80000, 0x00000000eb400000)
  object space 33280K, 26% used [0x00000000c1c00000,0x00000000c249ef60,0x00000000c3c80000)
 Metaspace       used 25835K, capacity 26185K, committed 26544K, reserved 1073152K
  class space    used 3586K, capacity 3692K, committed 3760K, reserved 1048576K
}

